<?xml version="1.0" encoding="UTF-8"?>
<!-- Generated by org.testng.reporters.JUnitReportReporter -->
<testsuite hostname="LAPTOP-NTBPMJL5" failures="0" tests="2" name="testCases.LoginTest" time="0.695" errors="0" timestamp="2024-06-14T17:35:30 PDT" skipped="0">
  <testcase classname="testCases.LoginTest" name="verifyUrl" time="0.131"/>
  <system-out/>
  <testcase classname="testCases.LoginTest" name="loginPage" time="0.564"/>
  <system-out/>
</testsuite> <!-- testCases.LoginTest -->
