<?xml version="1.0" encoding="UTF-8"?>
<!-- Generated by org.testng.reporters.JUnitReportReporter -->
<testsuite hostname="LAPTOP-NTBPMJL5" failures="0" tests="5" name="testCases.SampleTest" time="0.786" errors="0" timestamp="2024-06-14T18:16:07 PDT" skipped="0">
  <testcase classname="testCases.SampleTest" name="verifyUrl" time="0.095"/>
  <system-out/>
  <testcase classname="testCases.SampleTest" name="loginPage" time="0.468"/>
  <system-out/>
  <testcase classname="testCases.SampleTest" name="verifyHomePage" time="0.040"/>
  <system-out/>
  <testcase classname="testCases.SampleTest" name="addItemsToCart" time="0.133"/>
  <system-out/>
  <testcase classname="testCases.SampleTest" name="verifyItemsOnShoppingCart" time="0.050"/>
  <system-out/>
</testsuite> <!-- testCases.SampleTest -->
